#
# A fatal error has been detected by the Java Runtime Environment:
#
#  EXCEPTION_ACCESS_VIOLATION (0xc0000005) at pc=0xffffffffa37c5120, pid=7800, tid=0x0000000000001bfc
#
# JRE version: Java(TM) SE Runtime Environment (8.0_121-b13) (build 1.8.0_121-b13)
# Java VM: Java HotSpot(TM) 64-Bit Server VM (25.121-b13 mixed mode windows-amd64 compressed oops)
# Problematic frame:
# C  0xffffffffa37c5120
#
# Failed to write core dump. Minidumps are not enabled by default on client versions of Windows
#
# If you would like to submit a bug report, please visit:
#   http://bugreport.java.com/bugreport/crash.jsp
#

---------------  T H R E A D  ---------------

Current thread (0x0000000002043000):  JavaThread "main" [_thread_in_Java, id=7164, stack(0x00000000023f0000,0x00000000024f0000)]

siginfo: ExceptionCode=0xc0000005, ExceptionInformation=0x0000000000000008 0xffffffffa37c5120

Registers:
RAX=0x0000000013b562c8, RBX=0x000000000000004d, RCX=0x0000000000000158, RDX=0x00000000ef5c1dd8
RSP=0x00000000024eec68, RBP=0x00000000024eeda8, RSI=0x000000000000c6c8, RDI=0x0000000000000000
R8 =0x000000000000004d, R9 =0x000000000000012d, R10=0x0000000013b562c8, R11=0x0000000000000000
R12=0x0000000000000000, R13=0x00000000024eed58, R14=0x00000000024eedd0, R15=0x0000000002043000
RIP=0xffffffffa37c5120, EFLAGS=0x0000000000010246

Top of Stack: (sp=0x00000000024eec68)
0x00000000024eec68:   00000000029313c4 00000000027c8071
0x00000000024eec78:   0000000000000038 0000000000000000
0x00000000024eec88:   00000000ef981a78 00000000ef981b28
0x00000000024eec98:   00000000ef981b28 00000000024eeca0
0x00000000024eeca8:   0000000053b26773 00000000024eed60
0x00000000024eecb8:   0000000053bc7c60 0000000000000000
0x00000000024eecc8:   0000001300000000 00000000ef97eca8
0x00000000024eecd8:   00000000ef5be310 000000010000004d
0x00000000024eece8:   00000000ef983348 0000001300000000
0x00000000024eecf8:   0000007400000000 00000000024eeda8
0x00000000024eed08:   00000000028dec84 0000000000000073
0x00000000024eed18:   0000000000000053 00000000ef983380
0x00000000024eed28:   0000000000000000 00000000ef5bdd60
0x00000000024eed38:   00000000ef981a78 00000000024eeda8
0x00000000024eed48:   00000000027c7e00 00000000027c7e00
0x00000000024eed58:   00000000ef5be310 00000000ef97eca8 

Instructions: (pc=0xffffffffa37c5120)
0xffffffffa37c5100:   
[error occurred during error reporting (printing registers, top of stack, instructions near pc), id 0xc0000005]

Register to memory mapping:

RAX=0x0000000013b562c8 is pointing into metadata
RBX=0x000000000000004d is an unknown value
RCX=0x0000000000000158 is an unknown value
RDX=0x00000000ef5c1dd8 is an oop
java.lang.CharacterDataLatin1 
 - klass: 'java/lang/CharacterDataLatin1'
RSP=0x00000000024eec68 is pointing into the stack for thread: 0x0000000002043000
RBP=0x00000000024eeda8 is pointing into the stack for thread: 0x0000000002043000
RSI=0x000000000000c6c8 is an unknown value
RDI=0x0000000000000000 is an unknown value
R8 =0x000000000000004d is an unknown value
R9 =0x000000000000012d is an unknown value
R10=0x0000000013b562c8 is pointing into metadata
R11=0x0000000000000000 is an unknown value
R12=0x0000000000000000 is an unknown value
R13=0x00000000024eed58 is pointing into the stack for thread: 0x0000000002043000
R14=0x00000000024eedd0 is pointing into the stack for thread: 0x0000000002043000
R15=0x0000000002043000 is a thread


Stack: [0x00000000023f0000,0x00000000024f0000],  sp=0x00000000024eec68,  free space=1019k
Native frames: (J=compiled Java code, j=interpreted, Vv=VM code, C=native code)
C  0xffffffffa37c5120


---------------  P R O C E S S  ---------------

Java Threads: ( => current thread )
  0x00000000558b0800 JavaThread "Service Thread" daemon [_thread_blocked, id=6308, stack(0x0000000055cb0000,0x0000000055db0000)]
  0x00000000544cf000 JavaThread "C1 CompilerThread1" daemon [_thread_blocked, id=7588, stack(0x00000000557a0000,0x00000000558a0000)]
  0x00000000544c6000 JavaThread "C2 CompilerThread0" daemon [_thread_blocked, id=8052, stack(0x0000000055610000,0x0000000055710000)]
  0x00000000544c2800 JavaThread "Attach Listener" daemon [_thread_blocked, id=1400, stack(0x0000000055510000,0x0000000055610000)]
  0x00000000544c1800 JavaThread "Signal Dispatcher" daemon [_thread_blocked, id=7480, stack(0x00000000553a0000,0x00000000554a0000)]
  0x00000000544a1800 JavaThread "Finalizer" daemon [_thread_blocked, id=5768, stack(0x0000000055210000,0x0000000055310000)]
  0x000000005445a800 JavaThread "Reference Handler" daemon [_thread_blocked, id=5288, stack(0x0000000055030000,0x0000000055130000)]
=>0x0000000002043000 JavaThread "main" [_thread_in_Java, id=7164, stack(0x00000000023f0000,0x00000000024f0000)]

Other Threads:
  0x0000000054450000 VMThread [stack: 0x0000000054e20000,0x0000000054f20000] [id=6636]
  0x0000000055902000 WatcherThread [stack: 0x0000000055ea0000,0x0000000055fa0000] [id=5364]

VM state:not at safepoint (normal execution)

VM Mutex/Monitor currently owned by a thread: None

Heap:
 PSYoungGen      total 14848K, used 4249K [0x00000000ef580000, 0x00000000f0600000, 0x0000000100000000)
  eden space 12800K, 33% used [0x00000000ef580000,0x00000000ef9a67a8,0x00000000f0200000)
  from space 2048K, 0% used [0x00000000f0400000,0x00000000f0400000,0x00000000f0600000)
  to   space 2048K, 0% used [0x00000000f0200000,0x00000000f0200000,0x00000000f0400000)
 ParOldGen       total 34304K, used 0K [0x00000000ce000000, 0x00000000d0180000, 0x00000000ef580000)
  object space 34304K, 0% used [0x00000000ce000000,0x00000000ce000000,0x00000000d0180000)
 Metaspace       used 4911K, capacity 5324K, committed 5504K, reserved 1056768K
  class space    used 575K, capacity 628K, committed 640K, reserved 1048576K

Card table byte_map: [0x0000000002190000,0x0000000002330000] byte_map_base: 0x0000000001b20000

Marking Bits: (ParMarkBitMap*) 0x0000000058b7b6d0
 Begin Bits: [0x0000000012090000, 0x0000000012d10000)
 End Bits:   [0x0000000012d10000, 0x0000000013990000)

Polling page: 0x0000000000230000

CodeCache: size=245760Kb used=1484Kb max_used=1495Kb free=244275Kb
 bounds [0x00000000027c0000, 0x0000000002a30000, 0x00000000117c0000]
 total_blobs=456 nmethods=189 adapters=182
 compilation: enabled

Compilation events (10 events):
Event: 0.708 Thread 0x00000000544cf000  184       3       java.util.WeakHashMap::indexFor (6 bytes)
Event: 0.708 Thread 0x00000000544cf000 nmethod 184 0x0000000002930350 code [0x00000000029304a0, 0x00000000029305d0]
Event: 0.708 Thread 0x00000000544cf000  186       1       java.util.zip.ZipCoder::isUTF8 (5 bytes)
Event: 0.708 Thread 0x00000000544cf000 nmethod 186 0x0000000002930650 code [0x00000000029307a0, 0x00000000029308b0]
Event: 0.710 Thread 0x00000000544cf000  187       3       java.lang.String::toUpperCase (439 bytes)
Event: 0.710 Thread 0x00000000544c6000  188       4       java.lang.Character::toUpperCaseEx (30 bytes)
Event: 0.711 Thread 0x00000000544c6000 nmethod 188 0x00000000029335d0 code [0x0000000002933700, 0x00000000029337d8]
Event: 0.711 Thread 0x00000000544c6000  189       4       java.lang.CharacterDataLatin1::toUpperCaseEx (71 bytes)
Event: 0.712 Thread 0x00000000544cf000 nmethod 187 0x0000000002930c90 code [0x0000000002930fc0, 0x00000000029327b8]
Event: 0.712 Thread 0x00000000544c6000 nmethod 189 0x0000000002930910 code [0x0000000002930a40, 0x0000000002930af8]

GC Heap History (0 events):
No events

Deoptimization events (0 events):
No events

Internal exceptions (7 events):
Event: 0.089 Thread 0x0000000002043000 Exception <a 'java/lang/NoSuchMethodError': Method sun.misc.Unsafe.defineClass(Ljava/lang/String;[BII)Ljava/lang/Class; name or signature does not match> (0x00000000ef587ca8) thrown at [C:\re\workspace\8-2-build-windows-amd64-cygwin\jdk8u121\8372\hotspot\
Event: 0.089 Thread 0x0000000002043000 Exception <a 'java/lang/NoSuchMethodError': Method sun.misc.Unsafe.prefetchRead(Ljava/lang/Object;J)V name or signature does not match> (0x00000000ef587f90) thrown at [C:\re\workspace\8-2-build-windows-amd64-cygwin\jdk8u121\8372\hotspot\src\share\vm\prims
Event: 0.422 Thread 0x0000000002043000 Exception <a 'java/security/PrivilegedActionException'> (0x00000000ef7cbb00) thrown at [C:\re\workspace\8-2-build-windows-amd64-cygwin\jdk8u121\8372\hotspot\src\share\vm\prims\jvm.cpp, line 1390]
Event: 0.422 Thread 0x0000000002043000 Exception <a 'java/security/PrivilegedActionException'> (0x00000000ef7cbef8) thrown at [C:\re\workspace\8-2-build-windows-amd64-cygwin\jdk8u121\8372\hotspot\src\share\vm\prims\jvm.cpp, line 1390]
Event: 0.428 Thread 0x0000000002043000 Exception <a 'java/security/PrivilegedActionException'> (0x00000000ef7cff50) thrown at [C:\re\workspace\8-2-build-windows-amd64-cygwin\jdk8u121\8372\hotspot\src\share\vm\prims\jvm.cpp, line 1390]
Event: 0.428 Thread 0x0000000002043000 Exception <a 'java/security/PrivilegedActionException'> (0x00000000ef7d0348) thrown at [C:\re\workspace\8-2-build-windows-amd64-cygwin\jdk8u121\8372\hotspot\src\share\vm\prims\jvm.cpp, line 1390]
Event: 0.692 Thread 0x0000000002043000 Exception <a 'java/lang/NoClassDefFoundError': org/apache/log4j/Priority> (0x00000000ef93e8e0) thrown at [C:\re\workspace\8-2-build-windows-amd64-cygwin\jdk8u121\8372\hotspot\src\share\vm\classfile\systemDictionary.cpp, line 199]

Events (10 events):
Event: 0.708 loading class sun/net/www/protocol/jar/URLJarFile$URLJarFileCloseController done
Event: 0.708 loading class sun/net/www/protocol/jar/JarFileFactory done
Event: 0.708 loading class sun/net/www/protocol/jar/URLJarFile
Event: 0.709 loading class sun/net/www/protocol/jar/URLJarFile done
Event: 0.709 Executing VM operation: Deoptimize
Event: 0.709 Executing VM operation: Deoptimize done
Event: 0.709 loading class sun/net/www/protocol/jar/URLJarFile$URLJarFileEntry
Event: 0.709 loading class sun/net/www/protocol/jar/URLJarFile$URLJarFileEntry done
Event: 0.710 loading class sun/net/www/protocol/jar/JarURLConnection$JarURLInputStream
Event: 0.710 loading class sun/net/www/protocol/jar/JarURLConnection$JarURLInputStream done


Dynamic libraries:
0x000000013fc10000 - 0x000000013fc47000 	C:\ProgramData\Oracle\Java\javapath\java.exe
0x0000000077830000 - 0x00000000779db000 	C:\WINDOWS\SYSTEM32\ntdll.dll
0x0000000077350000 - 0x000000007746f000 	C:\WINDOWS\system32\kernel32.dll
0x000007fefd8b0000 - 0x000007fefd91a000 	C:\WINDOWS\system32\KERNELBASE.dll
0x000007fefec00000 - 0x000007fefecdb000 	C:\WINDOWS\system32\ADVAPI32.dll
0x000007fefe7b0000 - 0x000007fefe84f000 	C:\WINDOWS\system32\msvcrt.dll
0x000007fefe790000 - 0x000007fefe7af000 	C:\WINDOWS\SYSTEM32\sechost.dll
0x000007feff450000 - 0x000007feff57d000 	C:\WINDOWS\system32\RPCRT4.dll
0x0000000077250000 - 0x000000007734a000 	C:\WINDOWS\system32\USER32.dll
0x000007fefeef0000 - 0x000007fefef57000 	C:\WINDOWS\system32\GDI32.dll
0x000007feff0f0000 - 0x000007feff0fe000 	C:\WINDOWS\system32\LPK.dll
0x000007feff580000 - 0x000007feff64a000 	C:\WINDOWS\system32\USP10.dll
0x000007fefbfb0000 - 0x000007fefc1a4000 	C:\WINDOWS\WinSxS\amd64_microsoft.windows.common-controls_6595b64144ccf1df_6.0.7601.18837_none_fa3b1e3d17594757\COMCTL32.dll
0x000007fefe710000 - 0x000007fefe781000 	C:\WINDOWS\system32\SHLWAPI.dll
0x000007fefe850000 - 0x000007fefe87e000 	C:\WINDOWS\system32\IMM32.DLL
0x000007feff8b0000 - 0x000007feff9b9000 	C:\WINDOWS\system32\MSCTF.dll
0x000000005eef0000 - 0x000000005efc2000 	C:\Program Files\Java\jre1.8.0_121\bin\msvcr100.dll
0x0000000058360000 - 0x0000000058bfb000 	C:\Program Files\Java\jre1.8.0_121\bin\server\jvm.dll
0x000007fef5470000 - 0x000007fef5479000 	C:\WINDOWS\system32\WSOCK32.dll
0x000007fefe920000 - 0x000007fefe96d000 	C:\WINDOWS\system32\WS2_32.dll
0x000007fefd970000 - 0x000007fefd978000 	C:\WINDOWS\system32\NSI.dll
0x000007fefb520000 - 0x000007fefb55b000 	C:\WINDOWS\system32\WINMM.dll
0x000007fefc670000 - 0x000007fefc67c000 	C:\WINDOWS\system32\VERSION.dll
0x0000000077a00000 - 0x0000000077a07000 	C:\WINDOWS\system32\PSAPI.DLL
0x0000000069b30000 - 0x0000000069b3f000 	C:\Program Files\Java\jre1.8.0_121\bin\verify.dll
0x0000000069b00000 - 0x0000000069b29000 	C:\Program Files\Java\jre1.8.0_121\bin\java.dll
0x0000000069ae0000 - 0x0000000069af6000 	C:\Program Files\Java\jre1.8.0_121\bin\zip.dll
0x000007fefd980000 - 0x000007fefe70a000 	C:\WINDOWS\system32\SHELL32.dll
0x000007fefece0000 - 0x000007fefeee3000 	C:\WINDOWS\system32\ole32.dll
0x000007fefd5b0000 - 0x000007fefd5bf000 	C:\WINDOWS\system32\profapi.dll
0x0000000069ac0000 - 0x0000000069ada000 	C:\Program Files\Java\jre1.8.0_121\bin\net.dll
0x000007fefcd50000 - 0x000007fefcda5000 	C:\WINDOWS\system32\mswsock.dll
0x000007fefcd40000 - 0x000007fefcd47000 	C:\WINDOWS\System32\wship6.dll
0x000007fefaf20000 - 0x000007fefaf47000 	C:\WINDOWS\system32\IPHLPAPI.DLL
0x000007fefae50000 - 0x000007fefae5b000 	C:\WINDOWS\system32\WINNSI.DLL
0x000007fefac50000 - 0x000007fefac61000 	C:\WINDOWS\system32\dhcpcsvc6.DLL
0x000007fefac30000 - 0x000007fefac48000 	C:\WINDOWS\system32\dhcpcsvc.DLL
0x000007fef6c70000 - 0x000007fef6d95000 	C:\WINDOWS\system32\dbghelp.dll

VM Arguments:
jvm_args: -Dwebdriver.chrome.driver=C:\Users\maxim.shein\Desktop\Projects\Task_3\node_modules\protractor\node_modules\webdriver-manager\selenium\chromedriver_2.26.exe 
java_command: C:\Users\maxim.shein\Desktop\Projects\Task_3\node_modules\protractor\node_modules\webdriver-manager\selenium\selenium-server-standalone-2.53.1.jar -port 44418
java_class_path (initial): C:\Users\maxim.shein\Desktop\Projects\Task_3\node_modules\protractor\node_modules\webdriver-manager\selenium\selenium-server-standalone-2.53.1.jar
Launcher Type: SUN_STANDARD

Environment Variables:
PATH=C:\Program Files\nodejs\node_modules\npm\bin\node-gyp-bin;C:\Users\maxim.shein\Desktop\Projects\Task_3\node_modules\.bin;C:\Users\maxim.shein\bin;C:\Program Files\Git\mingw64\bin;C:\Program Files\Git\usr\local\bin;C:\Program Files\Git\usr\bin;C:\Program Files\Git\usr\bin;C:\Program Files\Git\mingw64\bin;C:\Program Files\Git\usr\bin;C:\Users\maxim.shein\bin;C:\ProgramData\Oracle\Java\javapath;C:\WINDOWS\system32;C:\WINDOWS;C:\WINDOWS\System32\Wbem;C:\WINDOWS\System32\WindowsPowerShell\v1.0;C:\Program Files\TortoiseSVN\bin;C:\Windows\CCM;C:\Program Files (x86)\Skype\Phone;C:\Program Files\Microsoft SQL Server\120\DTS\Binn;C:\Program Files\Microsoft SQL Server\Client SDK\ODBC\110\Tools\Binn;C:\Program Files (x86)\Microsoft SQL Server\120\Tools\Binn;C:\Program Files\Microsoft SQL Server\120\Tools\Binn;C:\Program Files (x86)\Microsoft SQL Server\120\Tools\Binn\ManagementStudio;C:\Program Files (x86)\Microsoft SQL Server\120\DTS\Binn;C:\WINDOWS\system32\config\systemprofile\.dnx\bin;C:\Program Files\Microsoft DNX\Dnvm;C:\Program Files (x86)\Windows Kits\8.1\Windows Performance Toolkit;C:\Program Files\Microsoft SQL Server\130\Tools\Binn;C:\Program Files\nodejs;C:\Program Files\Git\cmd;C:\Program Files (x86)\Brackets\command;C:\Users\maxim.shein\AppData\Roaming\npm;C:\Program Files\Git\usr\bin\vendor_perl;C:\Program Files\Git\usr\bin\core_perl
USERNAME=maxim.shein
SHELL=C:\Program Files\Git\usr\bin\bash.exe
DISPLAY=needs-to-be-defined
OS=Windows_NT
PROCESSOR_IDENTIFIER=Intel64 Family 6 Model 15 Stepping 13, GenuineIntel



---------------  S Y S T E M  ---------------

OS: Windows 7 , 64 bit Build 7601 (6.1.7601.23455)

CPU:total 2 (2 cores per cpu, 1 threads per core) family 6 model 15 stepping 13, cmov, cx8, fxsr, mmx, sse, sse2, sse3, ssse3, tsc

Memory: 4k page, physical 3274292k(1066632k free), swap 6546724k(2505476k free)

vm_info: Java HotSpot(TM) 64-Bit Server VM (25.121-b13) for windows-amd64 JRE (1.8.0_121-b13), built on Dec 12 2016 18:21:36 by "java_re" with MS VC++ 10.0 (VS2010)

time: Thu Feb 09 18:30:18 2017
elapsed time: 0 seconds (0d 0h 0m 0s)

